Build started 2016/8/3 10:13:11.
     1>Project "E:\popup\IncrementSystemForHollycrmInternet\IncrementSystem\IncrementSystem.vcxproj" on node 2 (rebuild target(s)).
     1>InitializeBuildStatus:
         Touching "Debug\IncrementSystem.unsuccessfulbuild".
       ClCompile:
         D:\VS2010\VC\bin\CL.exe /c /ZI /nologo /W3 /WX- /Od /Oy- /D WIN32 /D _WINDOWS /D _DEBUG /D _UNICODE /D UNICODE /Gm /EHsc /RTC1 /MTd /GS /fp:precise /Zc:wchar_t /Zc:forScope /Yc"StdAfx.h" /Fp"Debug\IncrementSystem.pch" /Fo"Debug\\" /Fd"Debug\vc100.pdb" /Gd /TP /analyze- /errorReport:prompt stdafx.cpp
         stdafx.cpp
         D:\VS2010\VC\bin\CL.exe /c /ZI /nologo /W3 /WX- /Od /Oy- /D WIN32 /D _WINDOWS /D _DEBUG /D _UNICODE /D UNICODE /Gm /EHsc /RTC1 /MTd /GS /fp:precise /Zc:wchar_t /Zc:forScope /Yu"StdAfx.h" /Fp"Debug\IncrementSystem.pch" /Fo"Debug\\" /Fd"Debug\vc100.pdb" /Gd /TP /analyze- /errorReport:prompt ..\..\..\..\Public\Class\StaticEx.cpp BONCSocket.cpp explorer.cpp HyperButtonEx.cpp IncrementSystem.cpp IncrementSystemDlg.cpp LogonDlg.cpp PersonalDefineDlg.cpp SystemTray.cpp ViewVerDlg.cpp
         ViewVerDlg.cpp
         SystemTray.cpp
         PersonalDefineDlg.cpp
     1>e:\popup\incrementsystemforhollycrminternet\incrementsystem\personaldefinedlg.cpp(259): warning C4244: 'argument' : conversion from 'float' to 'int', possible loss of data
         LogonDlg.cpp
     1>e:\popup\incrementsystemforhollycrminternet\incrementsystem\logondlg.h(6): fatal error C1083: Cannot open include file: '..\..\..\..\Public\Class\StaticEx.h': No such file or directory
         IncrementSystemDlg.cpp
         IncrementSystem.cpp
     1>e:\popup\incrementsystemforhollycrminternet\incrementsystem\logondlg.h(6): fatal error C1083: Cannot open include file: '..\..\..\..\Public\Class\StaticEx.h': No such file or directory
         HyperButtonEx.cpp
         explorer.cpp
         BONCSocket.cpp
         StaticEx.cpp
     1>c1xx : fatal error C1083: Cannot open source file: '..\..\..\..\Public\Class\StaticEx.cpp': No such file or directory
         Generating Code...
     1>Done Building Project "E:\popup\IncrementSystemForHollycrmInternet\IncrementSystem\IncrementSystem.vcxproj" (rebuild target(s)) -- FAILED.

Build FAILED.

Time Elapsed 00:00:06.61
